#! /c/Source/iverilog-install/bin/vvp
:ivl_version "12.0 (devel)" "(s20150603-1110-g18392a46)";
:ivl_delay_selection "TYPICAL";
:vpi_time_precision + 0;
:vpi_module "C:\iverilog\lib\ivl\system.vpi";
:vpi_module "C:\iverilog\lib\ivl\vhdl_sys.vpi";
:vpi_module "C:\iverilog\lib\ivl\vhdl_textio.vpi";
:vpi_module "C:\iverilog\lib\ivl\v2005_math.vpi";
:vpi_module "C:\iverilog\lib\ivl\va_math.vpi";
S_000001e969aa6a20 .scope module, "s1101mealy" "s1101mealy" 2 1;
 .timescale 0 0;
    .port_info 0 /INPUT 1 "clk";
    .port_info 1 /INPUT 1 "rst";
    .port_info 2 /INPUT 1 "din";
    .port_info 3 /OUTPUT 1 "dout";
P_000001e969aa6bb0 .param/l "S0" 0 2 9, C4<00>;
P_000001e969aa6be8 .param/l "S1" 0 2 10, C4<01>;
P_000001e969aa6c20 .param/l "S2" 0 2 11, C4<10>;
P_000001e969aa6c58 .param/l "S3" 0 2 12, C4<11>;
o000001e969af8fd8 .functor BUFZ 1, C4<z>; HiZ drive
v000001e969aa7160_0 .net "clk", 0 0, o000001e969af8fd8;  0 drivers
o000001e969af9008 .functor BUFZ 1, C4<z>; HiZ drive
v000001e969aa6ca0_0 .net "din", 0 0, o000001e969af9008;  0 drivers
v000001e969aa6d40_0 .var "dout", 0 0;
o000001e969af9068 .functor BUFZ 1, C4<z>; HiZ drive
v000001e969b3bc40_0 .net "rst", 0 0, o000001e969af9068;  0 drivers
v000001e969b3bce0_0 .var "state_reg", 1 0;
E_000001e969aac330 .event posedge, v000001e969b3bc40_0, v000001e969aa7160_0;
    .scope S_000001e969aa6a20;
T_0 ;
    %wait E_000001e969aac330;
    %load/vec4 v000001e969b3bc40_0;
    %flag_set/vec4 8;
    %jmp/0xz  T_0.0, 8;
    %pushi/vec4 0, 0, 2;
    %assign/vec4 v000001e969b3bce0_0, 0;
    %pushi/vec4 0, 0, 1;
    %assign/vec4 v000001e969aa6d40_0, 0;
    %jmp T_0.1;
T_0.0 ;
    %load/vec4 v000001e969b3bce0_0;
    %dup/vec4;
    %pushi/vec4 0, 0, 2;
    %cmp/u;
    %jmp/1 T_0.2, 6;
    %dup/vec4;
    %pushi/vec4 1, 0, 2;
    %cmp/u;
    %jmp/1 T_0.3, 6;
    %dup/vec4;
    %pushi/vec4 2, 0, 2;
    %cmp/u;
    %jmp/1 T_0.4, 6;
    %dup/vec4;
    %pushi/vec4 3, 0, 2;
    %cmp/u;
    %jmp/1 T_0.5, 6;
    %pushi/vec4 0, 0, 2;
    %assign/vec4 v000001e969b3bce0_0, 0;
    %pushi/vec4 0, 0, 1;
    %assign/vec4 v000001e969aa6d40_0, 0;
    %jmp T_0.7;
T_0.2 ;
    %load/vec4 v000001e969aa6ca0_0;
    %flag_set/vec4 8;
    %jmp/0xz  T_0.8, 8;
    %pushi/vec4 1, 0, 2;
    %assign/vec4 v000001e969b3bce0_0, 0;
    %pushi/vec4 0, 0, 1;
    %assign/vec4 v000001e969aa6d40_0, 0;
    %jmp T_0.9;
T_0.8 ;
    %pushi/vec4 0, 0, 2;
    %assign/vec4 v000001e969b3bce0_0, 0;
T_0.9 ;
    %jmp T_0.7;
T_0.3 ;
    %load/vec4 v000001e969aa6ca0_0;
    %flag_set/vec4 8;
    %jmp/0xz  T_0.10, 8;
    %pushi/vec4 2, 0, 2;
    %assign/vec4 v000001e969b3bce0_0, 0;
    %pushi/vec4 0, 0, 1;
    %assign/vec4 v000001e969aa6d40_0, 0;
    %jmp T_0.11;
T_0.10 ;
    %pushi/vec4 0, 0, 2;
    %assign/vec4 v000001e969b3bce0_0, 0;
T_0.11 ;
    %jmp T_0.7;
T_0.4 ;
    %load/vec4 v000001e969aa6ca0_0;
    %flag_set/vec4 8;
    %jmp/0xz  T_0.12, 8;
    %pushi/vec4 2, 0, 2;
    %assign/vec4 v000001e969b3bce0_0, 0;
    %pushi/vec4 0, 0, 1;
    %assign/vec4 v000001e969aa6d40_0, 0;
    %jmp T_0.13;
T_0.12 ;
    %pushi/vec4 3, 0, 2;
    %assign/vec4 v000001e969b3bce0_0, 0;
T_0.13 ;
    %jmp T_0.7;
T_0.5 ;
    %load/vec4 v000001e969aa6ca0_0;
    %flag_set/vec4 8;
    %jmp/0xz  T_0.14, 8;
    %pushi/vec4 0, 0, 2;
    %assign/vec4 v000001e969b3bce0_0, 0;
    %pushi/vec4 1, 0, 1;
    %assign/vec4 v000001e969aa6d40_0, 0;
    %jmp T_0.15;
T_0.14 ;
    %pushi/vec4 0, 0, 2;
    %assign/vec4 v000001e969b3bce0_0, 0;
T_0.15 ;
    %jmp T_0.7;
T_0.7 ;
    %pop/vec4 1;
T_0.1 ;
    %jmp T_0;
    .thread T_0;
# The file index is used to find the file name in the following table.
:file_names 3;
    "N/A";
    "<interactive>";
    ".\s1101mealy.v";
