#! /c/Source/iverilog-install/bin/vvp
:ivl_version "12.0 (devel)" "(s20150603-1110-g18392a46)";
:ivl_delay_selection "TYPICAL";
:vpi_time_precision + 0;
:vpi_module "C:\iverilog\lib\ivl\system.vpi";
:vpi_module "C:\iverilog\lib\ivl\vhdl_sys.vpi";
:vpi_module "C:\iverilog\lib\ivl\vhdl_textio.vpi";
:vpi_module "C:\iverilog\lib\ivl\v2005_math.vpi";
:vpi_module "C:\iverilog\lib\ivl\va_math.vpi";
S_0000022717556b50 .scope module, "s1101moore" "s1101moore" 2 1;
 .timescale 0 0;
    .port_info 0 /INPUT 1 "clk";
    .port_info 1 /INPUT 1 "rst";
    .port_info 2 /INPUT 1 "din";
    .port_info 3 /OUTPUT 1 "dout";
P_0000022717556ce0 .param/l "S0" 0 2 9, C4<00>;
P_0000022717556d18 .param/l "S1" 0 2 10, C4<01>;
P_0000022717556d50 .param/l "S2" 0 2 11, C4<10>;
P_0000022717556d88 .param/l "S3" 0 2 12, C4<11>;
o00000227175a7fd8 .functor BUFZ 1, C4<z>; HiZ drive
v00000227175570f0_0 .net "clk", 0 0, o00000227175a7fd8;  0 drivers
o00000227175a8008 .functor BUFZ 1, C4<z>; HiZ drive
v0000022717557310_0 .net "din", 0 0, o00000227175a8008;  0 drivers
v000002271755bec0_0 .var "dout", 0 0;
o00000227175a8068 .functor BUFZ 1, C4<z>; HiZ drive
v0000022717556dd0_0 .net "rst", 0 0, o00000227175a8068;  0 drivers
v0000022717556e70_0 .var "state", 1 0;
E_000002271755cdf0 .event anyedge, v0000022717556e70_0;
E_000002271755ce30 .event posedge, v0000022717556dd0_0, v00000227175570f0_0;
    .scope S_0000022717556b50;
T_0 ;
    %wait E_000002271755ce30;
    %load/vec4 v0000022717556dd0_0;
    %flag_set/vec4 8;
    %jmp/0xz  T_0.0, 8;
    %pushi/vec4 0, 0, 2;
    %assign/vec4 v0000022717556e70_0, 0;
    %jmp T_0.1;
T_0.0 ;
    %load/vec4 v0000022717556e70_0;
    %dup/vec4;
    %pushi/vec4 0, 0, 2;
    %cmp/u;
    %jmp/1 T_0.2, 6;
    %dup/vec4;
    %pushi/vec4 1, 0, 2;
    %cmp/u;
    %jmp/1 T_0.3, 6;
    %dup/vec4;
    %pushi/vec4 2, 0, 2;
    %cmp/u;
    %jmp/1 T_0.4, 6;
    %dup/vec4;
    %pushi/vec4 3, 0, 2;
    %cmp/u;
    %jmp/1 T_0.5, 6;
    %pushi/vec4 0, 0, 2;
    %assign/vec4 v0000022717556e70_0, 0;
    %jmp T_0.7;
T_0.2 ;
    %load/vec4 v0000022717557310_0;
    %flag_set/vec4 8;
    %jmp/0xz  T_0.8, 8;
    %pushi/vec4 1, 0, 2;
    %assign/vec4 v0000022717556e70_0, 0;
    %jmp T_0.9;
T_0.8 ;
    %pushi/vec4 0, 0, 2;
    %assign/vec4 v0000022717556e70_0, 0;
T_0.9 ;
    %jmp T_0.7;
T_0.3 ;
    %load/vec4 v0000022717557310_0;
    %flag_set/vec4 8;
    %jmp/0xz  T_0.10, 8;
    %pushi/vec4 2, 0, 2;
    %assign/vec4 v0000022717556e70_0, 0;
    %jmp T_0.11;
T_0.10 ;
    %pushi/vec4 1, 0, 2;
    %assign/vec4 v0000022717556e70_0, 0;
T_0.11 ;
    %jmp T_0.7;
T_0.4 ;
    %load/vec4 v0000022717557310_0;
    %flag_set/vec4 8;
    %jmp/0xz  T_0.12, 8;
    %pushi/vec4 3, 0, 2;
    %assign/vec4 v0000022717556e70_0, 0;
    %jmp T_0.13;
T_0.12 ;
    %pushi/vec4 1, 0, 2;
    %assign/vec4 v0000022717556e70_0, 0;
T_0.13 ;
    %jmp T_0.7;
T_0.5 ;
    %load/vec4 v0000022717557310_0;
    %flag_set/vec4 8;
    %jmp/0xz  T_0.14, 8;
    %pushi/vec4 1, 0, 2;
    %assign/vec4 v0000022717556e70_0, 0;
    %jmp T_0.15;
T_0.14 ;
    %pushi/vec4 2, 0, 2;
    %assign/vec4 v0000022717556e70_0, 0;
T_0.15 ;
    %jmp T_0.7;
T_0.7 ;
    %pop/vec4 1;
T_0.1 ;
    %jmp T_0;
    .thread T_0;
    .scope S_0000022717556b50;
T_1 ;
    %wait E_000002271755cdf0;
    %load/vec4 v0000022717556e70_0;
    %dup/vec4;
    %pushi/vec4 3, 0, 2;
    %cmp/u;
    %jmp/1 T_1.0, 6;
    %pushi/vec4 0, 0, 1;
    %assign/vec4 v000002271755bec0_0, 0;
    %jmp T_1.2;
T_1.0 ;
    %pushi/vec4 1, 0, 1;
    %assign/vec4 v000002271755bec0_0, 0;
    %jmp T_1.2;
T_1.2 ;
    %pop/vec4 1;
    %jmp T_1;
    .thread T_1, $push;
# The file index is used to find the file name in the following table.
:file_names 3;
    "N/A";
    "<interactive>";
    ".\s1101moore.v";
